<?xml version="1.0" encoding="UTF-8"?>
<!-- Generated by org.testng.reporters.JUnitReportReporter -->
<testsuite hostname="NDATSTNPC074" name="com.markit.common.framework.runtestsuit.SDL" tests="1" failures="0" timestamp="28 Jul 2017 11:09:49 GMT" time="1322.560" errors="0">
  <testcase name="testSDL" time="1322.560" classname="com.markit.common.framework.runtestsuit.SDL"/>
</testsuite> <!-- com.markit.common.framework.runtestsuit.SDL -->
