<?xml version="1.0" encoding="UTF-8"?>
<!-- Generated by org.testng.reporters.JUnitReportReporter -->
<testsuite hostname="NDATSTNPC074" name="com.markit.demo.Login" tests="1" failures="0" timestamp="7 Sep 2016 08:04:52 GMT" time="26.728" errors="0">
  <testcase name="login" time="26.728" classname="com.markit.demo.Login"/>
</testsuite> <!-- com.markit.demo.Login -->
