<?xml version="1.0" encoding="UTF-8"?>
<!-- Generated by org.testng.reporters.JUnitReportReporter -->
<testsuite hostname="NDATSTNPC074" name="com.markit.framework.api.pageMethods.DummyClass" tests="1" failures="0" timestamp="9 Jun 2017 12:17:55 GMT" time="40.286" errors="0">
  <testcase name="main" time="40.286" classname="com.markit.framework.api.pageMethods.DummyClass"/>
</testsuite> <!-- com.markit.framework.api.pageMethods.DummyClass -->
