<?xml version="1.0" encoding="UTF-8"?>
<!-- Generated by org.testng.reporters.JUnitReportReporter -->
<testsuite hostname="NDATSTNPC074" name="com.markit.common.framework.runtestsuit.RunTestSuit_testing" tests="1" failures="0" timestamp="10 Jan 2017 12:48:38 GMT" time="89.275" errors="0">
  <testcase name="verifyKycMcpmLogin_QA" time="89.275" classname="com.markit.common.framework.runtestsuit.RunTestSuit_testing"/>
</testsuite> <!-- com.markit.common.framework.runtestsuit.RunTestSuit_testing -->
