<?xml version="1.0" encoding="UTF-8"?>
<!-- Generated by org.testng.reporters.JUnitReportReporter -->
<testsuite hostname="NDATSTNPC074" name="com.markit.common.framework.runtestsuit.TimestampAPI_RunTestSuit" tests="1" failures="0" timestamp="19 Jun 2017 14:20:46 GMT" time="27.122" errors="0">
  <testcase name="tc_verifyEmptyRelListTimestampURL" time="27.122" classname="com.markit.common.framework.runtestsuit.TimestampAPI_RunTestSuit"/>
</testsuite> <!-- com.markit.common.framework.runtestsuit.TimestampAPI_RunTestSuit -->
